"../../../Engine/Content/EditorBlueprintResources/StandardMacros.uasset" 0
"../../../../../../Users/lamos/Documents/Unreal Projects/Stack_Game 4.24/Content/Blueprints/BP_SaveLoad.uasset" 1
"../../../../../../Users/lamos/Documents/Unreal Projects/Stack_Game 4.24/Content/Meshes/Mat_BaseColor.uasset" 2
"../../../../../../Users/lamos/Documents/Unreal Projects/Stack_Game 4.24/Content/Meshes/Mat_BaseColor_Inst.uasset" 3
"../../../../../../Users/lamos/Documents/Unreal Projects/Stack_Game 4.24/Content/Blueprints/PMat_Tile.uasset" 4
"../../../../../../Users/lamos/Documents/Unreal Projects/Stack_Game 4.24/Content/Meshes/SM_Tile.uasset" 5
"../../../../../../Users/lamos/Documents/Unreal Projects/Stack_Game 4.24/Content/Blueprints/BP_Tile.uasset" 6
"../../../../../../Users/lamos/Documents/Unreal Projects/Stack_Game 4.24/Content/Blueprints/BP_TileRemainder.uasset" 7
"../../../Engine/Content/Functions/Engine_MaterialFunctions01/Gradient/LinearGradient.uasset" 8
"../../../Engine/Content/EngineMaterials/BlendFunc_DefBase.uasset" 9
"../../../Engine/Content/EngineMaterials/BlendFunc_DefBlend.uasset" 10
"../../../Engine/Content/Functions/Engine_MaterialFunctions03/Blends/Blend_Darken.uasset" 11
"../../../../../../Users/lamos/Documents/Unreal Projects/Stack_Game 4.24/Content/Meshes/Mat_Background.uasset" 12
"../../../../../../Users/lamos/Documents/Unreal Projects/Stack_Game 4.24/Content/Meshes/Mat_Background_Inst.uasset" 13
"../../../Engine/Content/Functions/Engine_MaterialFunctions01/Opacity/CameraDepthFade.uasset" 14
"../../../Engine/Content/EngineMaterials/T_Default_Material_Grid_M.uasset" 15
"../../../Engine/Content/EngineMaterials/T_Default_Material_Grid_N.uasset" 16
"../../../Engine/Content/EngineMaterials/WorldGridMaterial.uasset" 17
"../../../Engine/Content/BasicShapes/Plane.uasset" 18
"../../../../../../Users/lamos/Documents/Unreal Projects/Stack_Game 4.24/Content/Sounds/EndGame.uasset" 19
"../../../../../../Users/lamos/Documents/Unreal Projects/Stack_Game 4.24/Content/Sounds/EndGame_Cue.uasset" 20
"../../../../../../Users/lamos/Documents/Unreal Projects/Stack_Game 4.24/Content/Sounds/Perfect.uasset" 21
"../../../../../../Users/lamos/Documents/Unreal Projects/Stack_Game 4.24/Content/Sounds/Perfect_Cue.uasset" 22
"../../../../../../Users/lamos/Documents/Unreal Projects/Stack_Game 4.24/Content/Sounds/PlaceTile.uasset" 23
"../../../../../../Users/lamos/Documents/Unreal Projects/Stack_Game 4.24/Content/Sounds/PlaceTile_Cue.uasset" 24
"../../../../../../Users/lamos/Documents/Unreal Projects/Stack_Game 4.24/Content/Sounds/TopScore.uasset" 25
"../../../../../../Users/lamos/Documents/Unreal Projects/Stack_Game 4.24/Content/Sounds/TopScore_Cue.uasset" 26
"../../../../../../Users/lamos/Documents/Unreal Projects/Stack_Game 4.24/Content/GUI/Fog.uasset" 27
"../../../../../../Users/lamos/Documents/Unreal Projects/Stack_Game 4.24/Content/GUI/star.uasset" 28
"../../../../../../Users/lamos/Documents/Unreal Projects/Stack_Game 4.24/Content/GUI/trophy.uasset" 29
"../../../../../../Users/lamos/Documents/Unreal Projects/Stack_Game 4.24/Content/Sounds/Button.uasset" 30
"../../../../../../Users/lamos/Documents/Unreal Projects/Stack_Game 4.24/Content/Sounds/Button_Cue.uasset" 31
"../../../../../../Users/lamos/Documents/Unreal Projects/Stack_Game 4.24/Content/Widgets/WB_HUD.uasset" 32
"../../../../../../Users/lamos/Documents/Unreal Projects/Stack_Game 4.24/Content/Blueprints/BP_Stack.uasset" 33
"../../../../../../Users/lamos/Documents/Unreal Projects/Stack_Game 4.24/Content/Blueprints/BP_MainGameMode.uasset" 34
"../../../../../../Users/lamos/Documents/Unreal Projects/Stack_Game 4.24/Content/GUI/audioOff.uasset" 35
"../../../../../../Users/lamos/Documents/Unreal Projects/Stack_Game 4.24/Content/GUI/audioOn.uasset" 36
"../../../../../../Users/lamos/Documents/Unreal Projects/Stack_Game 4.24/Content/GUI/checkmark.uasset" 37
"../../../../../../Users/lamos/Documents/Unreal Projects/Stack_Game 4.24/Content/GUI/cross.uasset" 38
"../../../../../../Users/lamos/Documents/Unreal Projects/Stack_Game 4.24/Content/GUI/exclamation.uasset" 39
"../../../../../../Users/lamos/Documents/Unreal Projects/Stack_Game 4.24/Content/GUI/gamepad.uasset" 40
"../../../../../../Users/lamos/Documents/Unreal Projects/Stack_Game 4.24/Content/GUI/gear.uasset" 41
"../../../../../../Users/lamos/Documents/Unreal Projects/Stack_Game 4.24/Content/GUI/home.uasset" 42
"../../../../../../Users/lamos/Documents/Unreal Projects/Stack_Game 4.24/Content/GUI/musicOff.uasset" 43
"../../../../../../Users/lamos/Documents/Unreal Projects/Stack_Game 4.24/Content/GUI/musicOn.uasset" 44
"../../../../../../Users/lamos/Documents/Unreal Projects/Stack_Game 4.24/Content/GUI/pause.uasset" 45
"../../../../../../Users/lamos/Documents/Unreal Projects/Stack_Game 4.24/Content/GUI/return.uasset" 46
"../../../../../../Users/lamos/Documents/Unreal Projects/Stack_Game 4.24/Content/GUI/right.uasset" 47
"../../../Engine/Content/Animation/DefaultAnimCurveCompressionSettings.uasset" 48
"../../../Engine/Content/ArtTools/RenderToTexture/Meshes/S_1_Unit_Plane.uasset" 49
"../../../Engine/Content/EngineMaterials/DefaultMaterial.uasset" 50
"../../../Engine/Content/BasicShapes/Cone.uasset" 51
"../../../Engine/Content/BasicShapes/Cube.uasset" 52
"../../../Engine/Content/BasicShapes/Cylinder.uasset" 53
"../../../Engine/Content/BasicShapes/Sphere.uasset" 54
"../../../Engine/Content/EditorLandscapeResources/DataLayer.uasset" 55
"../../../Engine/Content/EditorMaterials/MAT_Groups_Toggle.uasset" 56
"../../../Engine/Content/EditorMaterials/MAT_Groups_Visibility.uasset" 57
"../../../Engine/Content/EditorMaterials/PreviewShadowIndicator.uasset" 58
"../../../Engine/Content/EditorMaterials/PreviewShadowIndicatorMaterial.uasset" 59
"../../../Engine/Content/EditorMaterials/MatineeGroups/MAT_ColorTrack.uasset" 60
"../../../Engine/Content/EditorMaterials/MatineeGroups/MAT_Groups_Anim.uasset" 61
"../../../Engine/Content/EditorMaterials/MatineeGroups/MAT_Groups_AudioMaster.uasset" 62
"../../../Engine/Content/EditorMaterials/MatineeGroups/MAT_Groups_Director.uasset" 63
"../../../Engine/Content/EditorMaterials/MatineeGroups/MAT_Groups_Event.uasset" 64
"../../../Engine/Content/EditorMaterials/MatineeGroups/MAT_Groups_Fade.uasset" 65
"../../../Engine/Content/EditorMaterials/MatineeGroups/MAT_Groups_Float.uasset" 66
"../../../Engine/Content/EditorMaterials/MatineeGroups/MAT_Groups_Move.uasset" 67
"../../../Engine/Content/EditorMaterials/MatineeGroups/MAT_Groups_Slomo.uasset" 68
"../../../Engine/Content/EditorMaterials/MatineeGroups/MAT_Groups_Sound.uasset" 69
"../../../Engine/Content/EditorMaterials/MatineeGroups/MAT_Groups_Vector.uasset" 70
"../../../Engine/Content/EditorMaterials/ParticleSystems/PSysThumbnail_NoImage.uasset" 71
"../../../Engine/Content/EditorMaterials/ParticleSystems/PSysThumbnail_OOD.uasset" 72
"../../../Engine/Content/EditorMaterials/Camera/CineMat.uasset" 73
"../../../Engine/Content/EditorMaterials/Camera/MI_CineMat_Rig.uasset" 74
"../../../Engine/Content/EditorMeshes/Camera/SM_CraneRig_Arm.uasset" 75
"../../../Engine/Content/EditorMeshes/Camera/SM_CraneRig_Base.uasset" 76
"../../../Engine/Content/EditorMeshes/Camera/SM_CraneRig_Body.uasset" 77
"../../../Engine/Content/EditorMeshes/Camera/SM_CraneRig_Mount.uasset" 78
"../../../Engine/Content/EditorMeshes/Camera/SM_RailRig_Mount.uasset" 79
"../../../Engine/Content/EditorMeshes/Camera/SM_RailRig_Track.uasset" 80
"../../../Engine/Content/EditorResources/BSPVertex.uasset" 81
"../../../Engine/Content/EditorResources/EmptyActor.uasset" 82
"../../../Engine/Content/EditorResources/S_Actor.uasset" 83
"../../../Engine/Content/EditorResources/S_Note.uasset" 84
"../../../Engine/Content/EditorResources/S_Solver.uasset" 85
"../../../Engine/Content/EditorResources/S_Trigger.uasset" 86
"../../../Engine/Content/EditorResources/LightIcons/S_LightError.uasset" 87
"../../../Engine/Content/EditorResources/SequenceRecorder/Countdown.uasset" 88
"../../../Engine/Content/EditorResources/SequenceRecorder/RecordingIndicator.uasset" 89
"../../../Engine/Content/EditorSounds/Notifications/CompileFailed.uasset" 90
"../../../Engine/Content/EditorSounds/Notifications/CompileFailed_Cue.uasset" 91
"../../../Engine/Content/EditorSounds/Notifications/CompileSuccess.uasset" 92
"../../../Engine/Content/EditorSounds/Notifications/CompileStart_Cue.uasset" 93
"../../../Engine/Content/EditorSounds/Notifications/CompileSuccess_Cue.uasset" 94
"../../../Engine/Content/EngineDamageTypes/DmgTypeBP_Environmental.uasset" 95
"../../../Engine/Content/EngineDebugMaterials/DebugEditorMaterial.uasset" 96
"../../../Engine/Content/EngineDebugMaterials/DebugMeshMaterial.uasset" 97
"../../../Engine/Content/EngineDebugMaterials/M_SimpleTranslucent.uasset" 98
"../../../Engine/Content/Functions/Engine_MaterialFunctions02/Utility/CameraDirectionVector.uasset" 99
"../../../Engine/Content/EngineDebugMaterials/VolumeToRender.uasset" 100
"../../../Engine/Content/EngineDebugMaterials/M_VolumeRenderSphereTracePP.uasset" 101
"../../../Engine/Content/EngineDebugMaterials/WireframeMaterial.uasset" 102
"../../../Engine/Content/EngineFonts/Faces/DroidSansFallback.uasset" 103
"../../../Engine/Content/EngineFonts/Faces/RobotoBold.uasset" 104
"../../../Engine/Content/EngineFonts/Faces/RobotoBoldItalic.uasset" 105
"../../../Engine/Content/EngineFonts/Faces/RobotoItalic.uasset" 106
"../../../Engine/Content/EngineFonts/Faces/RobotoLight.uasset" 107
"../../../Engine/Content/EngineFonts/Faces/RobotoRegular.uasset" 108
"../../../Engine/Content/EngineFonts/Roboto.uasset" 109
"../../../Engine/Content/EngineMaterials/BaseFlattenDiffuseMap.uasset" 110
"../../../Engine/Content/EngineMaterials/BaseFlattenEmissiveMap.uasset" 111
"../../../Engine/Content/EngineMaterials/BaseFlattenGrayscaleMap.uasset" 112
"../../../Engine/Content/EngineMaterials/BaseFlattenNormalMap.uasset" 113
"../../../Engine/Content/EngineMaterials/BaseFlattenMaterial.uasset" 114
"../../../Engine/Content/EngineMaterials/BlueNoise.uasset" 115
"../../../Engine/Content/EngineMaterials/DefaultBloomKernel.uasset" 116
"../../../Engine/Content/EngineMaterials/DefaultBokeh.uasset" 117
"../../../Engine/Content/EngineMaterials/DefaultDiffuse.uasset" 118
"../../../Engine/Content/EngineMaterials/DefaultDeferredDecalMaterial.uasset" 119
"../../../Engine/Content/EngineMaterials/DefaultLightFunctionMaterial.uasset" 120
"../../../Engine/Content/EngineMaterials/DefaultPhysicalMaterial.uasset" 121
"../../../Engine/Content/Functions/Engine_MaterialFunctions02/Utility/BreakOutFloat2Components.uasset" 122
"../../../Engine/Content/EngineMaterials/DefaultPostProcessMaterial.uasset" 123
"../../../Engine/Content/EngineFonts/RobotoDistanceField.uasset" 124
"../../../Engine/Content/EngineMaterials/DefaultTextMaterialOpaque.uasset" 125
"../../../Engine/Content/EngineMaterials/DefaultVirtualTextureMaterial.uasset" 126
"../../../Engine/Content/EngineMaterials/DefaultWhiteGrid.uasset" 127
"../../../Engine/Content/EngineMaterials/DefaultWhiteGrid_Low.uasset" 128
"../../../Engine/Content/EngineMaterials/EmissiveMeshMaterial.uasset" 129
"../../../Engine/Content/EngineMaterials/GizmoMaterial.uasset" 130
"../../../Engine/Content/EngineMaterials/Good64x64TilingNoiseHighFreq.uasset" 131
"../../../Engine/Content/EngineMaterials/HairDefaultMaterial.uasset" 132
"../../../Engine/Content/EngineMaterials/MiniFont.uasset" 133
"../../../Engine/Content/EngineMaterials/InvalidLightmapSettings.uasset" 134
"../../../Engine/Content/EngineMaterials/M_InvalidLightmapSettings.uasset" 135
"../../../Engine/Content/Functions/Engine_MaterialFunctions02/WorldPositionOffset/CameraOffset.uasset" 136
"../../../Engine/Content/EngineMaterials/PhAT_JointLimitMaterial.uasset" 137
"../../../Engine/Content/EngineMaterials/PreintegratedSkinBRDF.uasset" 138
"../../../Engine/Content/EngineMaterials/RemoveSurfaceMaterial.uasset" 139
"../../../Engine/Content/EngineMaterials/WeightMapPlaceholderTexture.uasset" 140
"../../../Engine/Content/EngineResources/WhiteSquareTexture.uasset" 141
"../../../Engine/Content/EngineMaterials/Widget3DPassThrough.uasset" 142
"../../../Engine/Content/EngineMaterials/Widget3DPassThrough_Masked.uasset" 143
"../../../Engine/Content/EngineMaterials/Widget3DPassThrough_Opaque.uasset" 144
"../../../Engine/Content/EngineMaterials/Widget3DPassThrough_Masked_OneSided.uasset" 145
"../../../Engine/Content/EngineMaterials/Widget3DPassThrough_Opaque_OneSided.uasset" 146
"../../../Engine/Content/EngineMaterials/Widget3DPassThrough_Translucent.uasset" 147
"../../../Engine/Content/EngineMaterials/Widget3DPassThrough_Translucent_OneSided.uasset" 148
"../../../Engine/Content/EngineMeshes/Cylinder.uasset" 149
"../../../Engine/Content/EngineMeshes/Sphere.uasset" 150
"../../../Engine/Content/EngineResources/Black.uasset" 151
"../../../Engine/Content/EngineResources/DefaultTexture.uasset" 152
"../../../Engine/Content/EngineResources/DefaultTextureCube.uasset" 153
"../../../Engine/Content/EngineResources/DefaultVolumeTexture2D.uasset" 154
"../../../Engine/Content/EngineResources/DefaultVolumeTexture.uasset" 155
"../../../Engine/Content/EngineResources/GradientTexture0.uasset" 156
"../../../Engine/Content/EngineSounds/Master.uasset" 157
"../../../Engine/Content/Functions/Engine_MaterialFunctions01/Shading/ConvertFromDiffSpec.uasset" 158
"../../../Engine/Content/Functions/Engine_MaterialFunctions01/Shading/PowerToRoughness.uasset" 159
"../../../Engine/Content/Maps/Templates/Thumbnails/Default.uasset" 160
"../../../Engine/Content/Maps/Templates/Thumbnails/TimeOfDay.uasset" 161
"../../../Engine/Content/Maps/Templates/Thumbnails/VR-Basic.uasset" 162
"../../../Engine/Content/MobileResources/T_MobileControls_texture.uasset" 163
"../../../Engine/Content/MobileResources/T_MobileMenu2.uasset" 164
"../../../Engine/Content/MobileResources/HUD/AnalogHat.uasset" 165
"../../../Engine/Content/MobileResources/HUD/VirtualJoystick_Background.uasset" 166
"../../../Engine/Content/MobileResources/HUD/VirtualJoystick_Thumb.uasset" 167
"../../../Engine/Content/MobileResources/HUD/DefaultVirtualJoysticks.uasset" 168
"../../../Engine/Content/MobileResources/HUD/LeftVirtualJoystickOnly.uasset" 169
"../../../Engine/Content/MobileResources/HUD/MobileHUDButton1_off.uasset" 170
"../../../Engine/Content/MobileResources/HUD/MobileHUDButton1_on.uasset" 171
"../../../Engine/Content/MobileResources/HUD/MobileHUDButton2_off.uasset" 172
"../../../Engine/Content/MobileResources/HUD/MobileHUDButton2_on.uasset" 173
"../../../Engine/Content/MobileResources/HUD/MobileHUDButton3.uasset" 174
"../../../Engine/Content/MobileResources/HUD/MobileHUDButtonFire.uasset" 175
"../../../Engine/Content/MobileResources/HUD/MobileHUDDirectionPad.uasset" 176
"../../../Engine/Content/MobileResources/HUD/MobileHUDDirectionPad2.uasset" 177
"../../../Engine/Content/MobileResources/HUD/MobileHUDDirectionPad3.uasset" 178
"../../../Engine/Content/MobileResources/HUD/MobileHUDDirectionStick.uasset" 179
"../../../Engine/Content/MobileResources/HUD/T_Castle_ThumbstickInner.uasset" 180
"../../../Engine/Content/MobileResources/HUD/T_Castle_ThumbstickOutter.uasset" 181
"../../../Engine/Content/Tutorial/ContentIntroCurve.uasset" 182
"../../../Engine/Content/Tutorial/Basics/LevelEditorAttract.uasset" 183
"../../../Engine/Content/Tutorial/Basics/TutorialAssets/icon_tab_Levels_40x.uasset" 184
"../../../Engine/Content/Tutorial/Basics/LevelEditorOverview.uasset" 185
"../../../Engine/Content/Tutorial/Installation/InstallingVisualStudioTutorial.uasset" 186
"../../../Engine/Content/VREditor/LaserPointer/VR_LaserPower_01.uasset" 187
"../../../Engine/Content/VREditor/TransformGizmo/TransformGizmoMaterial.uasset" 188
"../../../Engine/Content/VREditor/TransformGizmo/TranslucentTransformGizmoMaterial.uasset" 189
"../../../Engine/Content/VREditor/TransformGizmo/BoundingBoxCorner.uasset" 190
"../../../Engine/Content/VREditor/TransformGizmo/BoundingBoxEdge.uasset" 191
"../../../Engine/Content/VREditor/TransformGizmo/PlaneTranslationHandle.uasset" 192
"../../../Engine/Content/VREditor/TransformGizmo/Main.uasset" 193
"../../../Engine/Content/VREditor/TransformGizmo/Xray.uasset" 194
"../../../Engine/Content/VREditor/TransformGizmo/SM_Sequencer_Key.uasset" 195
"../../../Engine/Content/VREditor/TransformGizmo/SM_Sequencer_Node.uasset" 196
"../../Plugins/2D/Paper2D/Content/PlaceholderTextures/DummySpriteTexture.uasset" 197
"../../Plugins/2D/Paper2D/Content/DummySprite.uasset" 198
"../../Plugins/2D/Paper2D/Content/DefaultPaperTerrainMaterial.uasset" 199
"../../Plugins/2D/Paper2D/Content/DummySpriteTexture.uasset" 200
"../../Plugins/2D/Paper2D/Content/DefaultSpriteMaterial.uasset" 201
"../../Plugins/2D/Paper2D/Content/MaskedUnlitSpriteMaterial.uasset" 202
"../../Plugins/2D/Paper2D/Content/OpaqueUnlitSpriteMaterial.uasset" 203
"../../../Engine/Content/Functions/Engine_MaterialFunctions02/Utility/BreakOutFloat4Components.uasset" 204
"../../../Engine/Content/Functions/Engine_MaterialFunctions02/Utility/MakeFloat2.uasset" 205
"../../../Engine/Content/Functions/Engine_MaterialFunctions02/Utility/MakeFloat3.uasset" 206
"../../Plugins/Runtime/Oculus/OculusVR/Content/Materials/OculusMR_ChromaKey.uasset" 207
"../../Plugins/Runtime/Oculus/OculusVR/Content/Materials/OculusMR_ChromaKey_Lit.uasset" 208
"../../Plugins/Runtime/Oculus/OculusVR/Content/Materials/OculusMR_OpaqueColoredMaterial.uasset" 209
"../../Plugins/Runtime/Oculus/OculusVR/Content/Materials/OculusMR_WhiteMaterial.uasset" 210
"../../../../../../Users/lamos/Documents/Unreal Projects/Stack_Game 4.24/Content/Levels/MainLevel_BuiltData.uasset" 211
"../../../../../../Users/lamos/Documents/Unreal Projects/Stack_Game 4.24/Content/Levels/MainLevel.umap" 212
"../../../Engine/Content/Maps/Entry_BuiltData.uasset" 213
"../../../Engine/Content/Maps/Entry.umap" 214
